Analysis & Elaboration report for cpu
Sun May  1 02:13:48 2022
Quartus Prime Version 21.1.0 Build 842 10/21/2021 SJ Lite Edition


---------------------
; Table of Contents ;
---------------------
  1. Legal Notice
  2. Analysis & Elaboration Summary
  3. Parallel Compilation
  4. Analysis & Elaboration Settings
  5. Analysis & Elaboration Messages



----------------
; Legal Notice ;
----------------
Copyright (C) 2021  Intel Corporation. All rights reserved.
Your use of Intel Corporation's design tools, logic functions 
and other software and tools, and any partner logic 
functions, and any output files from any of the foregoing 
(including device programming or simulation files), and any 
associated documentation or information are expressly subject 
to the terms and conditions of the Intel Program License 
Subscription Agreement, the Intel Quartus Prime License Agreement,
the Intel FPGA IP License Agreement, or other applicable license
agreement, including, without limitation, that your use is for
the sole purpose of programming logic devices manufactured by
Intel and sold by Intel or its authorized distributors.  Please
refer to the applicable agreement for further details, at
https://fpgasoftware.intel.com/eula.



+-----------------------------------------------------------------------------+
; Analysis & Elaboration Summary                                              ;
+-------------------------------+---------------------------------------------+
; Analysis & Elaboration Status ; Successful - Sun May  1 02:13:48 2022       ;
; Quartus Prime Version         ; 21.1.0 Build 842 10/21/2021 SJ Lite Edition ;
; Revision Name                 ; cpu                                         ;
; Top-level Entity Name         ; cpu                                         ;
; Family                        ; Cyclone V                                   ;
; Logic utilization (in ALMs)   ; N/A until Partition Merge                   ;
; Total registers               ; N/A until Partition Merge                   ;
; Total pins                    ; N/A until Partition Merge                   ;
; Total virtual pins            ; N/A until Partition Merge                   ;
; Total block memory bits       ; N/A until Partition Merge                   ;
; Total PLLs                    ; N/A until Partition Merge                   ;
; Total DLLs                    ; N/A until Partition Merge                   ;
+-------------------------------+---------------------------------------------+


+------------------------------------------+
; Parallel Compilation                     ;
+----------------------------+-------------+
; Processors                 ; Number      ;
+----------------------------+-------------+
; Number detected on machine ; 12          ;
; Maximum allowed            ; 6           ;
;                            ;             ;
; Average used               ; 1.00        ;
; Maximum used               ; 1           ;
;                            ;             ;
; Usage by Processor         ; % Time Used ;
;     Processor 1            ; 100.0%      ;
+----------------------------+-------------+


+---------------------------------------------------------------------------------------------------------------------------+
; Analysis & Elaboration Settings                                                                                           ;
+---------------------------------------------------------------------------------+--------------------+--------------------+
; Option                                                                          ; Setting            ; Default Value      ;
+---------------------------------------------------------------------------------+--------------------+--------------------+
; Device                                                                          ; 5CGXFC7C7F23C8     ;                    ;
; Top-level entity name                                                           ; cpu                ; cpu                ;
; Family name                                                                     ; Cyclone V          ; Cyclone V          ;
; Use smart compilation                                                           ; Off                ; Off                ;
; Enable parallel Assembler and Timing Analyzer during compilation                ; On                 ; On                 ;
; Enable compact report table                                                     ; Off                ; Off                ;
; Restructure Multiplexers                                                        ; Auto               ; Auto               ;
; MLAB Add Timing Constraints For Mixed-Port Feed-Through Mode Setting Don't Care ; Off                ; Off                ;
; Create Debugging Nodes for IP Cores                                             ; Off                ; Off                ;
; Preserve fewer node names                                                       ; On                 ; On                 ;
; Intel FPGA IP Evaluation Mode                                                   ; Enable             ; Enable             ;
; Verilog Version                                                                 ; Verilog_2001       ; Verilog_2001       ;
; VHDL Version                                                                    ; VHDL_1993          ; VHDL_1993          ;
; State Machine Processing                                                        ; Auto               ; Auto               ;
; Safe State Machine                                                              ; Off                ; Off                ;
; Extract Verilog State Machines                                                  ; On                 ; On                 ;
; Extract VHDL State Machines                                                     ; On                 ; On                 ;
; Ignore Verilog initial constructs                                               ; Off                ; Off                ;
; Iteration limit for constant Verilog loops                                      ; 5000               ; 5000               ;
; Iteration limit for non-constant Verilog loops                                  ; 250                ; 250                ;
; Add Pass-Through Logic to Inferred RAMs                                         ; On                 ; On                 ;
; Infer RAMs from Raw Logic                                                       ; On                 ; On                 ;
; Parallel Synthesis                                                              ; On                 ; On                 ;
; DSP Block Balancing                                                             ; Auto               ; Auto               ;
; NOT Gate Push-Back                                                              ; On                 ; On                 ;
; Power-Up Don't Care                                                             ; On                 ; On                 ;
; Remove Redundant Logic Cells                                                    ; Off                ; Off                ;
; Remove Duplicate Registers                                                      ; On                 ; On                 ;
; Ignore CARRY Buffers                                                            ; Off                ; Off                ;
; Ignore CASCADE Buffers                                                          ; Off                ; Off                ;
; Ignore GLOBAL Buffers                                                           ; Off                ; Off                ;
; Ignore ROW GLOBAL Buffers                                                       ; Off                ; Off                ;
; Ignore LCELL Buffers                                                            ; Off                ; Off                ;
; Ignore SOFT Buffers                                                             ; On                 ; On                 ;
; Limit AHDL Integers to 32 Bits                                                  ; Off                ; Off                ;
; Optimization Technique                                                          ; Balanced           ; Balanced           ;
; Carry Chain Length                                                              ; 70                 ; 70                 ;
; Auto Carry Chains                                                               ; On                 ; On                 ;
; Auto Open-Drain Pins                                                            ; On                 ; On                 ;
; Perform WYSIWYG Primitive Resynthesis                                           ; Off                ; Off                ;
; Auto ROM Replacement                                                            ; On                 ; On                 ;
; Auto RAM Replacement                                                            ; On                 ; On                 ;
; Auto DSP Block Replacement                                                      ; On                 ; On                 ;
; Auto Shift Register Replacement                                                 ; Auto               ; Auto               ;
; Allow Shift Register Merging across Hierarchies                                 ; Auto               ; Auto               ;
; Auto Clock Enable Replacement                                                   ; On                 ; On                 ;
; Strict RAM Replacement                                                          ; Off                ; Off                ;
; Allow Synchronous Control Signals                                               ; On                 ; On                 ;
; Force Use of Synchronous Clear Signals                                          ; Off                ; Off                ;
; Auto Resource Sharing                                                           ; Off                ; Off                ;
; Allow Any RAM Size For Recognition                                              ; Off                ; Off                ;
; Allow Any ROM Size For Recognition                                              ; Off                ; Off                ;
; Allow Any Shift Register Size For Recognition                                   ; Off                ; Off                ;
; Use LogicLock Constraints during Resource Balancing                             ; On                 ; On                 ;
; Ignore translate_off and synthesis_off directives                               ; Off                ; Off                ;
; Timing-Driven Synthesis                                                         ; On                 ; On                 ;
; Report Parameter Settings                                                       ; On                 ; On                 ;
; Report Source Assignments                                                       ; On                 ; On                 ;
; Report Connectivity Checks                                                      ; On                 ; On                 ;
; Ignore Maximum Fan-Out Assignments                                              ; Off                ; Off                ;
; Synchronization Register Chain Length                                           ; 3                  ; 3                  ;
; Power Optimization During Synthesis                                             ; Normal compilation ; Normal compilation ;
; HDL message level                                                               ; Level2             ; Level2             ;
; Suppress Register Optimization Related Messages                                 ; Off                ; Off                ;
; Number of Removed Registers Reported in Synthesis Report                        ; 5000               ; 5000               ;
; Number of Swept Nodes Reported in Synthesis Report                              ; 5000               ; 5000               ;
; Number of Inverted Registers Reported in Synthesis Report                       ; 100                ; 100                ;
; Clock MUX Protection                                                            ; On                 ; On                 ;
; Auto Gated Clock Conversion                                                     ; Off                ; Off                ;
; Block Design Naming                                                             ; Auto               ; Auto               ;
; SDC constraint protection                                                       ; Off                ; Off                ;
; Synthesis Effort                                                                ; Auto               ; Auto               ;
; Shift Register Replacement - Allow Asynchronous Clear Signal                    ; On                 ; On                 ;
; Pre-Mapping Resynthesis Optimization                                            ; Off                ; Off                ;
; Analysis & Synthesis Message Level                                              ; Medium             ; Medium             ;
; Disable Register Merging Across Hierarchies                                     ; Auto               ; Auto               ;
; Resource Aware Inference For Block RAM                                          ; On                 ; On                 ;
; Automatic Parallel Synthesis                                                    ; On                 ; On                 ;
; Partial Reconfiguration Bitstream ID                                            ; Off                ; Off                ;
+---------------------------------------------------------------------------------+--------------------+--------------------+


+---------------------------------+
; Analysis & Elaboration Messages ;
+---------------------------------+
Info: *******************************************************************
Info: Running Quartus Prime Analysis & Elaboration
    Info: Version 21.1.0 Build 842 10/21/2021 SJ Lite Edition
    Info: Processing started: Sun May  1 02:13:38 2022
Info: Command: quartus_map --read_settings_files=on --write_settings_files=off cpu -c cpu --analysis_and_elaboration
Warning (18236): Number of processors has not been specified which may cause overloading on shared machines.  Set the global assignment NUM_PARALLEL_PROCESSORS in your QSF to an appropriate value for best performance.
Info (20030): Parallel compilation is enabled and will use 6 of the 6 processors detected
Info (12021): Found 2 design units, including 1 entities, in source file datapath.vhd
    Info (12022): Found design unit 1: datapath-bdf_type File: C:/cpu/datapath.vhd Line: 65
    Info (12023): Found entity 1: datapath File: C:/cpu/datapath.vhd Line: 25
Info (12021): Found 2 design units, including 1 entities, in source file control_unit.vhd
    Info (12022): Found design unit 1: control_unit-bdf_type File: C:/cpu/control_unit.vhd Line: 76
    Info (12023): Found entity 1: control_unit File: C:/cpu/control_unit.vhd Line: 25
Info (12021): Found 2 design units, including 1 entities, in source file shift_control.vhd
    Info (12022): Found design unit 1: shift_control-rtl File: C:/cpu/shift_control.vhd Line: 16
    Info (12023): Found entity 1: shift_control File: C:/cpu/shift_control.vhd Line: 5
Info (12021): Found 2 design units, including 1 entities, in source file sequencer.vhd
    Info (12022): Found design unit 1: sequencer-rtl File: C:/cpu/sequencer.vhd Line: 43
    Info (12023): Found entity 1: sequencer File: C:/cpu/sequencer.vhd Line: 5
Info (12021): Found 2 design units, including 1 entities, in source file register_file.vhd
    Info (12022): Found design unit 1: register_file-rtl File: C:/cpu/register_file.vhd Line: 18
    Info (12023): Found entity 1: register_file File: C:/cpu/register_file.vhd Line: 5
Info (12021): Found 2 design units, including 1 entities, in source file program_counter.vhd
    Info (12022): Found design unit 1: program_counter-rtl File: C:/cpu/program_counter.vhd Line: 17
    Info (12023): Found entity 1: program_counter File: C:/cpu/program_counter.vhd Line: 5
Info (12021): Found 2 design units, including 1 entities, in source file memory_interface.vhd
    Info (12022): Found design unit 1: memory_interface-Rtl File: C:/cpu/memory_interface.vhd Line: 22
    Info (12023): Found entity 1: memory_interface File: C:/cpu/memory_interface.vhd Line: 5
Info (12021): Found 2 design units, including 1 entities, in source file instruction_register.vhd
    Info (12022): Found design unit 1: instruction_register-rtl File: C:/cpu/instruction_register.vhd Line: 22
    Info (12023): Found entity 1: instruction_register File: C:/cpu/instruction_register.vhd Line: 4
Info (12021): Found 2 design units, including 1 entities, in source file control_signals_logic.vhd
    Info (12022): Found design unit 1: control_signals_logic-rtl File: C:/cpu/control_signals_logic.vhd Line: 73
    Info (12023): Found entity 1: control_signals_logic File: C:/cpu/control_signals_logic.vhd Line: 5
Info (12021): Found 2 design units, including 1 entities, in source file con_logic.vhd
    Info (12022): Found design unit 1: con_logic-rtl File: C:/cpu/con_logic.vhd Line: 16
    Info (12023): Found entity 1: con_logic File: C:/cpu/con_logic.vhd Line: 5
Info (12021): Found 2 design units, including 1 entities, in source file alu.vhd
    Info (12022): Found design unit 1: alu-rtl File: C:/cpu/alu.vhd Line: 28
    Info (12023): Found entity 1: alu File: C:/cpu/alu.vhd Line: 5
Info (12021): Found 2 design units, including 1 entities, in source file cpu.vhd
    Info (12022): Found design unit 1: cpu-bdf_type File: C:/cpu/cpu.vhd Line: 42
    Info (12023): Found entity 1: cpu File: C:/cpu/cpu.vhd Line: 25
Info (12127): Elaborating entity "cpu" for the top level hierarchy
Info (12128): Elaborating entity "memory_interface" for hierarchy "memory_interface:b2v_inst" File: C:/cpu/cpu.vhd Line: 186
Info (12128): Elaborating entity "control_unit" for hierarchy "control_unit:b2v_inst5" File: C:/cpu/cpu.vhd Line: 200
Info (12128): Elaborating entity "sequencer" for hierarchy "control_unit:b2v_inst5|sequencer:b2v_inst" File: C:/cpu/control_unit.vhd Line: 242
Warning (10492): VHDL Process Statement warning at sequencer.vhd(97): signal "ireq" is read inside the Process Statement but isn't in the Process Statement's sensitivity list File: C:/cpu/sequencer.vhd Line: 97
Warning (10492): VHDL Process Statement warning at sequencer.vhd(97): signal "ie" is read inside the Process Statement but isn't in the Process Statement's sensitivity list File: C:/cpu/sequencer.vhd Line: 97
Warning (10492): VHDL Process Statement warning at sequencer.vhd(97): signal "t_counter" is read inside the Process Statement but isn't in the Process Statement's sensitivity list File: C:/cpu/sequencer.vhd Line: 97
Warning (10492): VHDL Process Statement warning at sequencer.vhd(118): signal "t_counter" is read inside the Process Statement but isn't in the Process Statement's sensitivity list File: C:/cpu/sequencer.vhd Line: 118
Warning (10631): VHDL Process Statement warning at sequencer.vhd(128): inferring latch(es) for signal or variable "iack_internal", which holds its previous value in one or more paths through the process File: C:/cpu/sequencer.vhd Line: 128
Info (10041): Inferred latch for "iack_internal" at sequencer.vhd(128) File: C:/cpu/sequencer.vhd Line: 128
Info (12128): Elaborating entity "shift_control" for hierarchy "control_unit:b2v_inst5|shift_control:b2v_inst2" File: C:/cpu/control_unit.vhd Line: 278
Warning (10631): VHDL Process Statement warning at shift_control.vhd(32): inferring latch(es) for signal or variable "n_counter_next", which holds its previous value in one or more paths through the process File: C:/cpu/shift_control.vhd Line: 32
Info (10041): Inferred latch for "n_counter_next[0]" at shift_control.vhd(32) File: C:/cpu/shift_control.vhd Line: 32
Info (10041): Inferred latch for "n_counter_next[1]" at shift_control.vhd(32) File: C:/cpu/shift_control.vhd Line: 32
Info (10041): Inferred latch for "n_counter_next[2]" at shift_control.vhd(32) File: C:/cpu/shift_control.vhd Line: 32
Info (10041): Inferred latch for "n_counter_next[3]" at shift_control.vhd(32) File: C:/cpu/shift_control.vhd Line: 32
Info (10041): Inferred latch for "n_counter_next[4]" at shift_control.vhd(32) File: C:/cpu/shift_control.vhd Line: 32
Info (12128): Elaborating entity "con_logic" for hierarchy "control_unit:b2v_inst5|con_logic:b2v_inst3" File: C:/cpu/control_unit.vhd Line: 287
Info (12128): Elaborating entity "control_signals_logic" for hierarchy "control_unit:b2v_inst5|control_signals_logic:b2v_inst4" File: C:/cpu/control_unit.vhd Line: 296
Warning (10631): VHDL Process Statement warning at control_signals_logic.vhd(123): inferring latch(es) for signal or variable "een", which holds its previous value in one or more paths through the process File: C:/cpu/control_signals_logic.vhd Line: 123
Warning (10631): VHDL Process Statement warning at control_signals_logic.vhd(123): inferring latch(es) for signal or variable "edi", which holds its previous value in one or more paths through the process File: C:/cpu/control_signals_logic.vhd Line: 123
Warning (10631): VHDL Process Statement warning at control_signals_logic.vhd(123): inferring latch(es) for signal or variable "rfi", which holds its previous value in one or more paths through the process File: C:/cpu/control_signals_logic.vhd Line: 123
Info (10041): Inferred latch for "rfi" at control_signals_logic.vhd(123) File: C:/cpu/control_signals_logic.vhd Line: 123
Info (10041): Inferred latch for "edi" at control_signals_logic.vhd(123) File: C:/cpu/control_signals_logic.vhd Line: 123
Info (10041): Inferred latch for "een" at control_signals_logic.vhd(123) File: C:/cpu/control_signals_logic.vhd Line: 123
Info (12128): Elaborating entity "datapath" for hierarchy "datapath:b2v_inst6" File: C:/cpu/cpu.vhd Line: 246
Info (12128): Elaborating entity "register_file" for hierarchy "datapath:b2v_inst6|register_file:b2v_inst" File: C:/cpu/datapath.vhd Line: 134
Warning (10492): VHDL Process Statement warning at register_file.vhd(41): signal "registers" is read inside the Process Statement but isn't in the Process Statement's sensitivity list File: C:/cpu/register_file.vhd Line: 41
Warning (10492): VHDL Process Statement warning at register_file.vhd(45): signal "registers" is read inside the Process Statement but isn't in the Process Statement's sensitivity list File: C:/cpu/register_file.vhd Line: 45
Info (12128): Elaborating entity "instruction_register" for hierarchy "datapath:b2v_inst6|instruction_register:b2v_inst2" File: C:/cpu/datapath.vhd Line: 144
Info (12128): Elaborating entity "program_counter" for hierarchy "datapath:b2v_inst6|program_counter:b2v_inst3" File: C:/cpu/datapath.vhd Line: 159
Warning (10492): VHDL Process Statement warning at program_counter.vhd(44): signal "register_contents" is read inside the Process Statement but isn't in the Process Statement's sensitivity list File: C:/cpu/program_counter.vhd Line: 44
Info (12128): Elaborating entity "alu" for hierarchy "datapath:b2v_inst6|alu:b2v_inst4" File: C:/cpu/datapath.vhd Line: 169
Warning (10492): VHDL Process Statement warning at alu.vhd(42): signal "Ain" is read inside the Process Statement but isn't in the Process Statement's sensitivity list File: C:/cpu/alu.vhd Line: 42
Warning (10492): VHDL Process Statement warning at alu.vhd(86): signal "Cin" is read inside the Process Statement but isn't in the Process Statement's sensitivity list File: C:/cpu/alu.vhd Line: 86
Info: Quartus Prime Analysis & Elaboration was successful. 0 errors, 15 warnings
    Info: Peak virtual memory: 4845 megabytes
    Info: Processing ended: Sun May  1 02:13:48 2022
    Info: Elapsed time: 00:00:10
    Info: Total CPU time (on all processors): 00:00:22


